<?xml version="1.0" encoding="UTF-8"?>
<!-- Generated by org.testng.reporters.JUnitXMLReporter -->
<testsuite ignored="0" hostname="DESKTOP-JJP7LCD" failures="1" tests="1" name="Testng_CrossBrowserTesting of edge" time="0.007" errors="0" timestamp="2024-07-22T22:21:32 IST">
  <testcase classname="endtoend.Testng_CrossBrowserTesting" name="with_Crome" time="0.0">
    <failure type="org.testng.TestNGException" message="
Cannot inject @Test annotated Method [with_Crome] with [class java.lang.String].
For more information on native dependency injection please refer to https://testng.org/#_dependency_injection">
      <![CDATA[org.testng.TestNGException: 
Cannot inject @Test annotated Method [with_Crome] with [class java.lang.String].
For more information on native dependency injection please refer to https://testng.org/#_dependency_injection
at java.base/java.util.ArrayList.forEach(ArrayList.java:1597)
... Removed 26 stack frames]]>
    </failure>
  </testcase> <!-- with_Crome -->
</testsuite> <!-- Testng_CrossBrowserTesting of edge -->
