<?xml version="1.0" encoding="UTF-8"?>
<!-- Generated by org.testng.reporters.JUnitXMLReporter -->
<testsuite ignored="0" hostname="DESKTOP-JJP7LCD" failures="0" tests="6" name="Testng_CrossBrowserTesting_2" time="78.788" errors="0" timestamp="2024-07-23T14:34:02 IST">
  <testcase classname="endtoend.Testng_CrossBrowserTesting" name="with_Chrome" time="18.404"/>
  <testcase classname="endtoend.Testng_CrossBrowserTesting" name="with_Chrome" time="27.914"/>
  <testcase classname="endtoend.Testng_CrossBrowserTesting" name="with_Chrome" time="29.01"/>
  <testcase classname="endtoend.Testng_CrossBrowserTesting3" name="open_edge" time="51.089"/>
  <testcase classname="endtoend.Testng_CrossBrowserTesting2" name="open_firefox" time="48.831"/>
  <testcase classname="endtoend.Testng_CrossBrowserTesting1" name="open_chrome" time="49.56"/>
</testsuite> <!-- Testng_CrossBrowserTesting_2 -->
