<?xml version="1.0" encoding="UTF-8"?>
<!-- Generated by org.testng.reporters.JUnitXMLReporter -->
<testsuite ignored="0" hostname="DESKTOP-JJP7LCD" failures="0" tests="6" name="Testng_CrossBrowserTesting1" time="24.793" errors="0" timestamp="2024-07-23T14:32:43 IST">
  <testcase classname="endtoend.Testng_CrossBrowserTesting" name="with_Chrome" time="5.019"/>
  <testcase classname="endtoend.Testng_CrossBrowserTesting" name="with_Chrome" time="5.278"/>
  <testcase classname="endtoend.Testng_CrossBrowserTesting" name="with_Chrome" time="5.327"/>
  <testcase classname="endtoend.Testng_CrossBrowserTesting2" name="open_firefox" time="6.491"/>
  <testcase classname="endtoend.Testng_CrossBrowserTesting1" name="open_chrome" time="8.185"/>
  <testcase classname="endtoend.Testng_CrossBrowserTesting3" name="open_edge" time="19.401"/>
</testsuite> <!-- Testng_CrossBrowserTesting1 -->
