<?xml version="1.0" encoding="UTF-8"?>
<!-- Generated by org.testng.reporters.JUnitXMLReporter -->
<testsuite ignored="0" hostname="DESKTOP-JJP7LCD" failures="0" tests="2" name="Testng_CrossBrowserTesting2" time="19.181" errors="0" timestamp="2024-07-23T14:28:25 IST">
  <testcase classname="endtoend.Testng_CrossBrowserTesting" name="with_Chrome" time="11.459"/>
  <testcase classname="endtoend.Testng_CrossBrowserTesting2" name="open_firefox" time="7.673"/>
</testsuite> <!-- Testng_CrossBrowserTesting2 -->
