<?xml version="1.0" encoding="UTF-8"?>
<!-- Generated by org.testng.reporters.JUnitXMLReporter -->
<testsuite ignored="0" hostname="DESKTOP-JJP7LCD" failures="0" tests="2" name="Testng_CrossBrowserTesting3" time="14.377" errors="0" timestamp="2024-07-23T14:28:40 IST">
  <testcase classname="endtoend.Testng_CrossBrowserTesting" name="with_Chrome" time="8.037"/>
  <testcase classname="endtoend.Testng_CrossBrowserTesting3" name="open_edge" time="6.286"/>
</testsuite> <!-- Testng_CrossBrowserTesting3 -->
