<?xml version="1.0" encoding="UTF-8"?>
<testng-results ignored="0" total="3" passed="3" failed="0" skipped="0">
  <reporter-output>
  </reporter-output>
  <suite started-at="2024-10-24T12:21:02 IST" name="Suite" finished-at="2024-10-24T12:21:02 IST" duration-ms="84">
    <groups>
    </groups>
    <test started-at="2024-10-24T12:21:02 IST" name="Test" finished-at="2024-10-24T12:21:02 IST" duration-ms="84">
      <class name="endtoend.Parameter">
        <test-method signature="add(int,int)[pri:0, instance:endtoend.Parameter@5e0e82ae]" started-at="2024-10-24T12:21:02 IST" name="add" finished-at="2024-10-24T12:21:02 IST" duration-ms="13" status="PASS">
          <params>
            <param index="0">
              <value>
                <![CDATA[1]]>
              </value>
            </param>
            <param index="1">
              <value>
                <![CDATA[2]]>
              </value>
            </param>
          </params>
          <reporter-output>
          </reporter-output>
        </test-method> <!-- add -->
        <test-method signature="multi(int,int)[pri:0, instance:endtoend.Parameter@5e0e82ae]" started-at="2024-10-24T12:21:02 IST" name="multi" finished-at="2024-10-24T12:21:02 IST" duration-ms="2" status="PASS">
          <params>
            <param index="0">
              <value>
                <![CDATA[1]]>
              </value>
            </param>
            <param index="1">
              <value>
                <![CDATA[2]]>
              </value>
            </param>
          </params>
          <reporter-output>
          </reporter-output>
        </test-method> <!-- multi -->
        <test-method signature="sub(int,int)[pri:0, instance:endtoend.Parameter@5e0e82ae]" started-at="2024-10-24T12:21:02 IST" name="sub" finished-at="2024-10-24T12:21:02 IST" duration-ms="2" status="PASS">
          <params>
            <param index="0">
              <value>
                <![CDATA[1]]>
              </value>
            </param>
            <param index="1">
              <value>
                <![CDATA[2]]>
              </value>
            </param>
          </params>
          <reporter-output>
          </reporter-output>
        </test-method> <!-- sub -->
      </class> <!-- endtoend.Parameter -->
    </test> <!-- Test -->
  </suite> <!-- Suite -->
</testng-results>
